<?xml version="1.0" encoding="UTF-8"?>
<coverage generated="1558115778769" clover="3.2.0">
  <project timestamp="1558115778769" name="All files">
    <metrics statements="12" coveredstatements="11" conditionals="0" coveredconditionals="0" methods="2" coveredmethods="2" elements="14" coveredelements="13" complexity="0" loc="12" ncloc="12" packages="1" files="1" classes="1">
      <file name="server.js" path="C:\Users\blt\Documents\git\Sprint-Challenge--Testing\api\server.js">
        <metrics statements="12" coveredstatements="11" conditionals="0" coveredconditionals="0" methods="2" coveredmethods="2"/>
        <line num="1" count="1" type="stmt"/>
        <line num="3" count="1" type="stmt"/>
        <line num="4" count="1" type="stmt"/>
        <line num="6" count="1" type="stmt"/>
        <line num="8" count="1" type="stmt"/>
        <line num="9" count="2" type="stmt"/>
        <line num="12" count="1" type="stmt"/>
        <line num="13" count="3" type="stmt"/>
        <line num="14" count="3" type="stmt"/>
        <line num="15" count="3" type="stmt"/>
        <line num="17" count="0" type="stmt"/>
        <line num="21" count="1" type="stmt"/>
      </file>
    </metrics>
  </project>
</coverage>
