<?xml version="1.0" encoding="UTF-8"?>
<coverage generated="1558116299256" clover="3.2.0">
  <project timestamp="1558116299256" name="All files">
    <metrics statements="18" coveredstatements="17" conditionals="5" coveredconditionals="5" methods="3" coveredmethods="3" elements="26" coveredelements="25" complexity="0" loc="18" ncloc="18" packages="1" files="1" classes="1">
      <file name="server.js" path="C:\Users\blt\Documents\git\Sprint-Challenge--Testing\api\server.js">
        <metrics statements="18" coveredstatements="17" conditionals="5" coveredconditionals="5" methods="3" coveredmethods="3"/>
        <line num="1" count="1" type="stmt"/>
        <line num="3" count="1" type="stmt"/>
        <line num="4" count="1" type="stmt"/>
        <line num="6" count="1" type="stmt"/>
        <line num="8" count="1" type="stmt"/>
        <line num="9" count="2" type="stmt"/>
        <line num="12" count="1" type="stmt"/>
        <line num="13" count="3" type="stmt"/>
        <line num="14" count="3" type="stmt"/>
        <line num="15" count="3" type="stmt"/>
        <line num="17" count="0" type="stmt"/>
        <line num="21" count="1" type="stmt"/>
        <line num="22" count="3" type="stmt"/>
        <line num="23" count="3" type="cond" truecount="5" falsecount="0"/>
        <line num="24" count="1" type="stmt"/>
        <line num="25" count="1" type="stmt"/>
        <line num="27" count="2" type="stmt"/>
        <line num="31" count="1" type="stmt"/>
      </file>
    </metrics>
  </project>
</coverage>
