{"C:\\Users\\blt\\Documents\\git\\Sprint-Challenge--Testing\\api\\server.js": {"path":"C:\\Users\\blt\\Documents\\git\\Sprint-Challenge--Testing\\api\\server.js","statementMap":{"0":{"start":{"line":1,"column":16},"end":{"line":1,"column":34}},"1":{"start":{"line":3,"column":15},"end":{"line":3,"column":24}},"2":{"start":{"line":4,"column":14},"end":{"line":4,"column":44}},"3":{"start":{"line":6,"column":0},"end":{"line":6,"column":27}},"4":{"start":{"line":8,"column":0},"end":{"line":10,"column":3}},"5":{"start":{"line":9,"column":4},"end":{"line":9,"column":49}},"6":{"start":{"line":12,"column":0},"end":{"line":19,"column":3}},"7":{"start":{"line":13,"column":4},"end":{"line":18,"column":5}},"8":{"start":{"line":14,"column":22},"end":{"line":14,"column":39}},"9":{"start":{"line":15,"column":8},"end":{"line":15,"column":36}},"10":{"start":{"line":17,"column":8},"end":{"line":17,"column":34}},"11":{"start":{"line":21,"column":0},"end":{"line":29,"column":3}},"12":{"start":{"line":22,"column":17},"end":{"line":22,"column":25}},"13":{"start":{"line":23,"column":4},"end":{"line":28,"column":5}},"14":{"start":{"line":24,"column":19},"end":{"line":24,"column":40}},"15":{"start":{"line":25,"column":6},"end":{"line":25,"column":34}},"16":{"start":{"line":27,"column":6},"end":{"line":27,"column":91}},"17":{"start":{"line":31,"column":0},"end":{"line":31,"column":24}}},"fnMap":{"0":{"name":"(anonymous_0)","decl":{"start":{"line":8,"column":16},"end":{"line":8,"column":17}},"loc":{"start":{"line":8,"column":36},"end":{"line":10,"column":1}},"line":8},"1":{"name":"(anonymous_1)","decl":{"start":{"line":12,"column":21},"end":{"line":12,"column":22}},"loc":{"start":{"line":12,"column":41},"end":{"line":19,"column":1}},"line":12},"2":{"name":"(anonymous_2)","decl":{"start":{"line":21,"column":22},"end":{"line":21,"column":23}},"loc":{"start":{"line":21,"column":42},"end":{"line":29,"column":1}},"line":21}},"branchMap":{"0":{"loc":{"start":{"line":23,"column":4},"end":{"line":28,"column":5}},"type":"if","locations":[{"start":{"line":23,"column":4},"end":{"line":28,"column":5}},{"start":{"line":23,"column":4},"end":{"line":28,"column":5}}],"line":23},"1":{"loc":{"start":{"line":23,"column":8},"end":{"line":23,"column":52}},"type":"binary-expr","locations":[{"start":{"line":23,"column":8},"end":{"line":23,"column":18}},{"start":{"line":23,"column":22},"end":{"line":23,"column":32}},{"start":{"line":23,"column":36},"end":{"line":23,"column":52}}],"line":23}},"s":{"0":1,"1":1,"2":1,"3":1,"4":1,"5":2,"6":1,"7":3,"8":3,"9":3,"10":0,"11":1,"12":3,"13":3,"14":1,"15":1,"16":2,"17":1},"f":{"0":2,"1":3,"2":3},"b":{"0":[1,2],"1":[3,3,2]},"_coverageSchema":"332fd63041d2c1bcb487cc26dd0d5f7d97098a6c","hash":"0428d8c7806e305a42908d833ededc8c53504571"}
}
