{"C:\\Users\\blt\\Documents\\git\\Sprint-Challenge--Testing\\knexfile.js": {"path":"C:\\Users\\blt\\Documents\\git\\Sprint-Challenge--Testing\\knexfile.js","statementMap":{"0":{"start":{"line":3,"column":0},"end":{"line":31,"column":2}}},"fnMap":{},"branchMap":{},"s":{"0":1},"f":{},"b":{},"_coverageSchema":"332fd63041d2c1bcb487cc26dd0d5f7d97098a6c","hash":"60491c85bc00daa9c33c02e6e4d99239a862e58f"}
,"C:\\Users\\blt\\Documents\\git\\Sprint-Challenge--Testing\\data\\migrations\\20190517092625_games_table.js": {"path":"C:\\Users\\blt\\Documents\\git\\Sprint-Challenge--Testing\\data\\migrations\\20190517092625_games_table.js","statementMap":{"0":{"start":{"line":2,"column":0},"end":{"line":null,"column":-1}},"1":{"start":{"line":3,"column":2},"end":{"line":null,"column":-1}},"2":{"start":{"line":4,"column":6},"end":{"line":null,"column":-1}},"3":{"start":{"line":5,"column":6},"end":{"line":null,"column":-1}},"4":{"start":{"line":8,"column":6},"end":{"line":null,"column":-1}},"5":{"start":{"line":11,"column":6},"end":{"line":null,"column":-1}},"6":{"start":{"line":17,"column":0},"end":{"line":null,"column":-1}},"7":{"start":{"line":18,"column":2},"end":{"line":null,"column":-1}}},"fnMap":{"0":{"name":"(anonymous_0)","decl":{"start":{"line":2,"column":13},"end":{"line":2,"column":21}},"loc":{"start":{"line":2,"column":37},"end":{"line":2,"column":0}}},"1":{"name":"(anonymous_1)","decl":{"start":{"line":3,"column":42},"end":{"line":3,"column":49}},"loc":{"start":{"line":3,"column":50},"end":{"line":3,"column":9}}},"2":{"name":"(anonymous_2)","decl":{"start":{"line":17,"column":15},"end":{"line":17,"column":23}},"loc":{"start":{"line":17,"column":39},"end":{"line":17,"column":0}}}},"branchMap":{},"s":{"0":0,"1":0,"2":0,"3":0,"4":0,"5":0,"6":0,"7":0},"f":{"0":0,"1":0,"2":0},"b":{}}
,"C:\\Users\\blt\\Documents\\git\\Sprint-Challenge--Testing\\data\\seeds\\001-games.js": {"path":"C:\\Users\\blt\\Documents\\git\\Sprint-Challenge--Testing\\data\\seeds\\001-games.js","statementMap":{"0":{"start":{"line":2,"column":0},"end":{"line":null,"column":-1}},"1":{"start":{"line":4,"column":2},"end":{"line":null,"column":-1}},"2":{"start":{"line":7,"column":6},"end":{"line":null,"column":-1}}},"fnMap":{"0":{"name":"(anonymous_0)","decl":{"start":{"line":2,"column":15},"end":{"line":2,"column":23}},"loc":{"start":{"line":2,"column":39},"end":{"line":2,"column":0}}},"1":{"name":"(anonymous_1)","decl":{"start":{"line":5,"column":10},"end":{"line":5,"column":21}},"loc":{"start":{"line":5,"column":22},"end":{"line":4,"column":9}}}},"branchMap":{},"s":{"0":0,"1":0,"2":0},"f":{"0":0,"1":0},"b":{}}
,"C:\\Users\\blt\\Documents\\git\\Sprint-Challenge--Testing\\games\\gamesModel.js": {"path":"C:\\Users\\blt\\Documents\\git\\Sprint-Challenge--Testing\\games\\gamesModel.js","statementMap":{"0":{"start":{"line":1,"column":11},"end":{"line":1,"column":0}},"1":{"start":{"line":3,"column":0},"end":{"line":null,"column":-1}},"2":{"start":{"line":9,"column":4},"end":{"line":null,"column":-1}},"3":{"start":{"line":14,"column":4},"end":{"line":null,"column":-1}}},"fnMap":{"0":{"name":"add","decl":{"start":{"line":8,"column":15},"end":{"line":8,"column":0}},"loc":{"start":{"line":8,"column":25},"end":{"line":11,"column":1}}},"1":{"name":"deleteGame","decl":{"start":{"line":13,"column":15},"end":{"line":13,"column":0}},"loc":{"start":{"line":13,"column":30},"end":{"line":17,"column":1}}}},"branchMap":{},"s":{"0":0,"1":0,"2":0,"3":0},"f":{"0":0,"1":0},"b":{}}
}
