TN:
SF:C:\Users\blt\Documents\git\Sprint-Challenge--Testing\knexfile.js
FNF:0
FNH:0
DA:3,1
LF:1
LH:1
BRF:0
BRH:0
end_of_record
TN:
SF:C:\Users\blt\Documents\git\Sprint-Challenge--Testing\data\migrations\20190517092625_games_table.js
FN:2,(anonymous_0)
FN:3,(anonymous_1)
FN:17,(anonymous_2)
FNF:3
FNH:0
FNDA:0,(anonymous_0)
FNDA:0,(anonymous_1)
FNDA:0,(anonymous_2)
DA:2,0
DA:3,0
DA:4,0
DA:5,0
DA:8,0
DA:11,0
DA:17,0
DA:18,0
LF:8
LH:0
BRF:0
BRH:0
end_of_record
TN:
SF:C:\Users\blt\Documents\git\Sprint-Challenge--Testing\data\seeds\001-games.js
FN:2,(anonymous_0)
FN:5,(anonymous_1)
FNF:2
FNH:0
FNDA:0,(anonymous_0)
FNDA:0,(anonymous_1)
DA:2,0
DA:4,0
DA:7,0
LF:3
LH:0
BRF:0
BRH:0
end_of_record
TN:
SF:C:\Users\blt\Documents\git\Sprint-Challenge--Testing\games\gamesModel.js
FN:8,add
FN:13,deleteGame
FNF:2
FNH:0
FNDA:0,add
FNDA:0,deleteGame
DA:1,0
DA:3,0
DA:9,0
DA:14,0
LF:4
LH:0
BRF:0
BRH:0
end_of_record
